2025-12-17 17:29:11,488 [Worker-7: Loading available Gradle versions] INFO  o.e.b.c.i.u.g.PublishedGradleVersions - Gradle version information cache is not available. Remote download required.
2025-12-17 17:32:45,876 [Worker-39: Launching mavenrun-ee03dffb-4ef7-4b75-893d-fd8bce46dcb8] INFO  o.eclipse.m2e.core.internal.Bundles - getClasspathEntries(Bundle=org.eclipse.m2e.maven.runtime_3.9.900.20240824-1409 [300])
2025-12-17 17:32:45,878 [Worker-39: Launching mavenrun-ee03dffb-4ef7-4b75-893d-fd8bce46dcb8] INFO  o.eclipse.m2e.core.internal.Bundles - 	Entry: C:\Users\cosas\.p2\pool\plugins\org.eclipse.m2e.maven.runtime_3.9.900.20240824-1409
2025-12-17 17:32:45,878 [Worker-39: Launching mavenrun-ee03dffb-4ef7-4b75-893d-fd8bce46dcb8] INFO  o.eclipse.m2e.core.internal.Bundles - 	Entry: C:\Users\cosas\.p2\pool\plugins\org.eclipse.m2e.maven.runtime_3.9.900.20240824-1409\jars\aopalliance-1.0.jar
2025-12-17 17:32:45,879 [Worker-39: Launching mavenrun-ee03dffb-4ef7-4b75-893d-fd8bce46dcb8] INFO  o.eclipse.m2e.core.internal.Bundles - 	Entry: C:\Users\cosas\.p2\pool\plugins\org.eclipse.m2e.maven.runtime_3.9.900.20240824-1409\jars\guice-5.1.0.jar
2025-12-17 17:32:45,879 [Worker-39: Launching mavenrun-ee03dffb-4ef7-4b75-893d-fd8bce46dcb8] INFO  o.eclipse.m2e.core.internal.Bundles - 	Entry: C:\Users\cosas\.p2\pool\plugins\org.eclipse.m2e.maven.runtime_3.9.900.20240824-1409\jars\httpclient-4.5.14.jar
2025-12-17 17:32:45,879 [Worker-39: Launching mavenrun-ee03dffb-4ef7-4b75-893d-fd8bce46dcb8] INFO  o.eclipse.m2e.core.internal.Bundles - 	Entry: C:\Users\cosas\.p2\pool\plugins\org.eclipse.m2e.maven.runtime_3.9.900.20240824-1409\jars\httpcore-4.4.16.jar
2025-12-17 17:32:45,880 [Worker-39: Launching mavenrun-ee03dffb-4ef7-4b75-893d-fd8bce46dcb8] INFO  o.eclipse.m2e.core.internal.Bundles - 	Entry: C:\Users\cosas\.p2\pool\plugins\org.eclipse.m2e.maven.runtime_3.9.900.20240824-1409\jars\jansi-2.4.1.jar
2025-12-17 17:32:45,880 [Worker-39: Launching mavenrun-ee03dffb-4ef7-4b75-893d-fd8bce46dcb8] INFO  o.eclipse.m2e.core.internal.Bundles - 	Entry: C:\Users\cosas\.p2\pool\plugins\org.eclipse.m2e.maven.runtime_3.9.900.20240824-1409\jars\jcl-over-slf4j-1.7.36.jar
2025-12-17 17:32:45,880 [Worker-39: Launching mavenrun-ee03dffb-4ef7-4b75-893d-fd8bce46dcb8] INFO  o.eclipse.m2e.core.internal.Bundles - 	Entry: C:\Users\cosas\.p2\pool\plugins\org.eclipse.m2e.maven.runtime_3.9.900.20240824-1409\jars\maven-artifact-3.9.9.jar
2025-12-17 17:32:45,880 [Worker-39: Launching mavenrun-ee03dffb-4ef7-4b75-893d-fd8bce46dcb8] INFO  o.eclipse.m2e.core.internal.Bundles - 	Entry: C:\Users\cosas\.p2\pool\plugins\org.eclipse.m2e.maven.runtime_3.9.900.20240824-1409\jars\maven-builder-support-3.9.9.jar
2025-12-17 17:32:45,880 [Worker-39: Launching mavenrun-ee03dffb-4ef7-4b75-893d-fd8bce46dcb8] INFO  o.eclipse.m2e.core.internal.Bundles - 	Entry: C:\Users\cosas\.p2\pool\plugins\org.eclipse.m2e.maven.runtime_3.9.900.20240824-1409\jars\maven-compat-3.9.9.jar
2025-12-17 17:32:45,880 [Worker-39: Launching mavenrun-ee03dffb-4ef7-4b75-893d-fd8bce46dcb8] INFO  o.eclipse.m2e.core.internal.Bundles - 	Entry: C:\Users\cosas\.p2\pool\plugins\org.eclipse.m2e.maven.runtime_3.9.900.20240824-1409\jars\maven-core-3.9.9.jar
2025-12-17 17:32:45,880 [Worker-39: Launching mavenrun-ee03dffb-4ef7-4b75-893d-fd8bce46dcb8] INFO  o.eclipse.m2e.core.internal.Bundles - 	Entry: C:\Users\cosas\.p2\pool\plugins\org.eclipse.m2e.maven.runtime_3.9.900.20240824-1409\jars\maven-embedder-3.9.9.jar
2025-12-17 17:32:45,880 [Worker-39: Launching mavenrun-ee03dffb-4ef7-4b75-893d-fd8bce46dcb8] INFO  o.eclipse.m2e.core.internal.Bundles - 	Entry: C:\Users\cosas\.p2\pool\plugins\org.eclipse.m2e.maven.runtime_3.9.900.20240824-1409\jars\maven-model-3.9.9.jar
2025-12-17 17:32:45,880 [Worker-39: Launching mavenrun-ee03dffb-4ef7-4b75-893d-fd8bce46dcb8] INFO  o.eclipse.m2e.core.internal.Bundles - 	Entry: C:\Users\cosas\.p2\pool\plugins\org.eclipse.m2e.maven.runtime_3.9.900.20240824-1409\jars\maven-model-builder-3.9.9.jar
2025-12-17 17:32:45,881 [Worker-39: Launching mavenrun-ee03dffb-4ef7-4b75-893d-fd8bce46dcb8] INFO  o.eclipse.m2e.core.internal.Bundles - 	Entry: C:\Users\cosas\.p2\pool\plugins\org.eclipse.m2e.maven.runtime_3.9.900.20240824-1409\jars\maven-plugin-api-3.9.9.jar
2025-12-17 17:32:45,881 [Worker-39: Launching mavenrun-ee03dffb-4ef7-4b75-893d-fd8bce46dcb8] INFO  o.eclipse.m2e.core.internal.Bundles - 	Entry: C:\Users\cosas\.p2\pool\plugins\org.eclipse.m2e.maven.runtime_3.9.900.20240824-1409\jars\maven-repository-metadata-3.9.9.jar
2025-12-17 17:32:45,881 [Worker-39: Launching mavenrun-ee03dffb-4ef7-4b75-893d-fd8bce46dcb8] INFO  o.eclipse.m2e.core.internal.Bundles - 	Entry: C:\Users\cosas\.p2\pool\plugins\org.eclipse.m2e.maven.runtime_3.9.900.20240824-1409\jars\maven-resolver-api-1.9.22.jar
2025-12-17 17:32:45,881 [Worker-39: Launching mavenrun-ee03dffb-4ef7-4b75-893d-fd8bce46dcb8] INFO  o.eclipse.m2e.core.internal.Bundles - 	Entry: C:\Users\cosas\.p2\pool\plugins\org.eclipse.m2e.maven.runtime_3.9.900.20240824-1409\jars\maven-resolver-connector-basic-1.9.22.jar
2025-12-17 17:32:45,881 [Worker-39: Launching mavenrun-ee03dffb-4ef7-4b75-893d-fd8bce46dcb8] INFO  o.eclipse.m2e.core.internal.Bundles - 	Entry: C:\Users\cosas\.p2\pool\plugins\org.eclipse.m2e.maven.runtime_3.9.900.20240824-1409\jars\maven-resolver-impl-1.9.22.jar
2025-12-17 17:32:45,881 [Worker-39: Launching mavenrun-ee03dffb-4ef7-4b75-893d-fd8bce46dcb8] INFO  o.eclipse.m2e.core.internal.Bundles - 	Entry: C:\Users\cosas\.p2\pool\plugins\org.eclipse.m2e.maven.runtime_3.9.900.20240824-1409\jars\maven-resolver-named-locks-1.9.22.jar
2025-12-17 17:32:45,881 [Worker-39: Launching mavenrun-ee03dffb-4ef7-4b75-893d-fd8bce46dcb8] INFO  o.eclipse.m2e.core.internal.Bundles - 	Entry: C:\Users\cosas\.p2\pool\plugins\org.eclipse.m2e.maven.runtime_3.9.900.20240824-1409\jars\maven-resolver-provider-3.9.9.jar
2025-12-17 17:32:45,881 [Worker-39: Launching mavenrun-ee03dffb-4ef7-4b75-893d-fd8bce46dcb8] INFO  o.eclipse.m2e.core.internal.Bundles - 	Entry: C:\Users\cosas\.p2\pool\plugins\org.eclipse.m2e.maven.runtime_3.9.900.20240824-1409\jars\maven-resolver-spi-1.9.22.jar
2025-12-17 17:32:45,882 [Worker-39: Launching mavenrun-ee03dffb-4ef7-4b75-893d-fd8bce46dcb8] INFO  o.eclipse.m2e.core.internal.Bundles - 	Entry: C:\Users\cosas\.p2\pool\plugins\org.eclipse.m2e.maven.runtime_3.9.900.20240824-1409\jars\maven-resolver-transport-file-1.9.22.jar
2025-12-17 17:32:45,882 [Worker-39: Launching mavenrun-ee03dffb-4ef7-4b75-893d-fd8bce46dcb8] INFO  o.eclipse.m2e.core.internal.Bundles - 	Entry: C:\Users\cosas\.p2\pool\plugins\org.eclipse.m2e.maven.runtime_3.9.900.20240824-1409\jars\maven-resolver-transport-http-1.9.22.jar
2025-12-17 17:32:45,882 [Worker-39: Launching mavenrun-ee03dffb-4ef7-4b75-893d-fd8bce46dcb8] INFO  o.eclipse.m2e.core.internal.Bundles - 	Entry: C:\Users\cosas\.p2\pool\plugins\org.eclipse.m2e.maven.runtime_3.9.900.20240824-1409\jars\maven-resolver-transport-wagon-1.9.22.jar
2025-12-17 17:32:45,882 [Worker-39: Launching mavenrun-ee03dffb-4ef7-4b75-893d-fd8bce46dcb8] INFO  o.eclipse.m2e.core.internal.Bundles - 	Entry: C:\Users\cosas\.p2\pool\plugins\org.eclipse.m2e.maven.runtime_3.9.900.20240824-1409\jars\maven-resolver-util-1.9.22.jar
2025-12-17 17:32:45,882 [Worker-39: Launching mavenrun-ee03dffb-4ef7-4b75-893d-fd8bce46dcb8] INFO  o.eclipse.m2e.core.internal.Bundles - 	Entry: C:\Users\cosas\.p2\pool\plugins\org.eclipse.m2e.maven.runtime_3.9.900.20240824-1409\jars\maven-settings-3.9.9.jar
2025-12-17 17:32:45,882 [Worker-39: Launching mavenrun-ee03dffb-4ef7-4b75-893d-fd8bce46dcb8] INFO  o.eclipse.m2e.core.internal.Bundles - 	Entry: C:\Users\cosas\.p2\pool\plugins\org.eclipse.m2e.maven.runtime_3.9.900.20240824-1409\jars\maven-settings-builder-3.9.9.jar
2025-12-17 17:32:45,882 [Worker-39: Launching mavenrun-ee03dffb-4ef7-4b75-893d-fd8bce46dcb8] INFO  o.eclipse.m2e.core.internal.Bundles - 	Entry: C:\Users\cosas\.p2\pool\plugins\org.eclipse.m2e.maven.runtime_3.9.900.20240824-1409\jars\maven-shared-utils-3.4.2.jar
2025-12-17 17:32:45,882 [Worker-39: Launching mavenrun-ee03dffb-4ef7-4b75-893d-fd8bce46dcb8] INFO  o.eclipse.m2e.core.internal.Bundles - 	Entry: C:\Users\cosas\.p2\pool\plugins\org.eclipse.m2e.maven.runtime_3.9.900.20240824-1409\jars\org.eclipse.sisu.inject-0.9.0.M3.jar
2025-12-17 17:32:45,883 [Worker-39: Launching mavenrun-ee03dffb-4ef7-4b75-893d-fd8bce46dcb8] INFO  o.eclipse.m2e.core.internal.Bundles - 	Entry: C:\Users\cosas\.p2\pool\plugins\org.eclipse.m2e.maven.runtime_3.9.900.20240824-1409\jars\org.eclipse.sisu.plexus-0.9.0.M3.jar
2025-12-17 17:32:45,883 [Worker-39: Launching mavenrun-ee03dffb-4ef7-4b75-893d-fd8bce46dcb8] INFO  o.eclipse.m2e.core.internal.Bundles - 	Entry: C:\Users\cosas\.p2\pool\plugins\org.eclipse.m2e.maven.runtime_3.9.900.20240824-1409\jars\plexus-build-api-0.0.7.jar
2025-12-17 17:32:45,883 [Worker-39: Launching mavenrun-ee03dffb-4ef7-4b75-893d-fd8bce46dcb8] INFO  o.eclipse.m2e.core.internal.Bundles - 	Entry: C:\Users\cosas\.p2\pool\plugins\org.eclipse.m2e.maven.runtime_3.9.900.20240824-1409\jars\plexus-build-api-1.2.0.jar
2025-12-17 17:32:45,883 [Worker-39: Launching mavenrun-ee03dffb-4ef7-4b75-893d-fd8bce46dcb8] INFO  o.eclipse.m2e.core.internal.Bundles - 	Entry: C:\Users\cosas\.p2\pool\plugins\org.eclipse.m2e.maven.runtime_3.9.900.20240824-1409\jars\plexus-cipher-2.0.jar
2025-12-17 17:32:45,883 [Worker-39: Launching mavenrun-ee03dffb-4ef7-4b75-893d-fd8bce46dcb8] INFO  o.eclipse.m2e.core.internal.Bundles - 	Entry: C:\Users\cosas\.p2\pool\plugins\org.eclipse.m2e.maven.runtime_3.9.900.20240824-1409\jars\plexus-classworlds-2.8.0.jar
2025-12-17 17:32:45,883 [Worker-39: Launching mavenrun-ee03dffb-4ef7-4b75-893d-fd8bce46dcb8] INFO  o.eclipse.m2e.core.internal.Bundles - 	Entry: C:\Users\cosas\.p2\pool\plugins\org.eclipse.m2e.maven.runtime_3.9.900.20240824-1409\jars\plexus-component-annotations-2.1.0.jar
2025-12-17 17:32:45,883 [Worker-39: Launching mavenrun-ee03dffb-4ef7-4b75-893d-fd8bce46dcb8] INFO  o.eclipse.m2e.core.internal.Bundles - 	Entry: C:\Users\cosas\.p2\pool\plugins\org.eclipse.m2e.maven.runtime_3.9.900.20240824-1409\jars\plexus-interpolation-1.27.jar
2025-12-17 17:32:45,884 [Worker-39: Launching mavenrun-ee03dffb-4ef7-4b75-893d-fd8bce46dcb8] INFO  o.eclipse.m2e.core.internal.Bundles - 	Entry: C:\Users\cosas\.p2\pool\plugins\org.eclipse.m2e.maven.runtime_3.9.900.20240824-1409\jars\plexus-sec-dispatcher-2.0.jar
2025-12-17 17:32:45,884 [Worker-39: Launching mavenrun-ee03dffb-4ef7-4b75-893d-fd8bce46dcb8] INFO  o.eclipse.m2e.core.internal.Bundles - 	Entry: C:\Users\cosas\.p2\pool\plugins\org.eclipse.m2e.maven.runtime_3.9.900.20240824-1409\jars\plexus-utils-3.5.1.jar
2025-12-17 17:32:45,884 [Worker-39: Launching mavenrun-ee03dffb-4ef7-4b75-893d-fd8bce46dcb8] INFO  o.eclipse.m2e.core.internal.Bundles - 	Entry: C:\Users\cosas\.p2\pool\plugins\org.eclipse.m2e.maven.runtime_3.9.900.20240824-1409\jars\plexus-xml-3.0.1.jar
2025-12-17 17:32:45,884 [Worker-39: Launching mavenrun-ee03dffb-4ef7-4b75-893d-fd8bce46dcb8] INFO  o.eclipse.m2e.core.internal.Bundles - 	Entry: C:\Users\cosas\.p2\pool\plugins\org.eclipse.m2e.maven.runtime_3.9.900.20240824-1409\jars\wagon-file-3.5.3.jar
2025-12-17 17:32:45,884 [Worker-39: Launching mavenrun-ee03dffb-4ef7-4b75-893d-fd8bce46dcb8] INFO  o.eclipse.m2e.core.internal.Bundles - 	Entry: C:\Users\cosas\.p2\pool\plugins\org.eclipse.m2e.maven.runtime_3.9.900.20240824-1409\jars\wagon-http-3.5.3.jar
2025-12-17 17:32:45,884 [Worker-39: Launching mavenrun-ee03dffb-4ef7-4b75-893d-fd8bce46dcb8] INFO  o.eclipse.m2e.core.internal.Bundles - 	Entry: C:\Users\cosas\.p2\pool\plugins\org.eclipse.m2e.maven.runtime_3.9.900.20240824-1409\jars\wagon-http-shared-3.5.3.jar
2025-12-17 17:32:45,884 [Worker-39: Launching mavenrun-ee03dffb-4ef7-4b75-893d-fd8bce46dcb8] INFO  o.eclipse.m2e.core.internal.Bundles - 	Entry: C:\Users\cosas\.p2\pool\plugins\org.eclipse.m2e.maven.runtime_3.9.900.20240824-1409\jars\wagon-provider-api-3.5.3.jar
2025-12-17 17:32:45,886 [Worker-39: Launching mavenrun-ee03dffb-4ef7-4b75-893d-fd8bce46dcb8] INFO  o.eclipse.m2e.core.internal.Bundles - getClasspathEntries(Bundle=com.google.guava_33.3.1.jre [10])
2025-12-17 17:32:45,886 [Worker-39: Launching mavenrun-ee03dffb-4ef7-4b75-893d-fd8bce46dcb8] INFO  o.eclipse.m2e.core.internal.Bundles - 	Entry: C:\Users\cosas\.p2\pool\plugins\com.google.guava_33.3.1.jre.jar
2025-12-17 17:32:45,886 [Worker-39: Launching mavenrun-ee03dffb-4ef7-4b75-893d-fd8bce46dcb8] INFO  o.eclipse.m2e.core.internal.Bundles - getClasspathEntries(Bundle=slf4j.api_2.0.16 [524])
2025-12-17 17:32:45,886 [Worker-39: Launching mavenrun-ee03dffb-4ef7-4b75-893d-fd8bce46dcb8] INFO  o.eclipse.m2e.core.internal.Bundles - 	Entry: C:\Users\cosas\.p2\pool\plugins\slf4j.api_2.0.16.jar
2025-12-17 17:32:45,887 [Worker-39: Launching mavenrun-ee03dffb-4ef7-4b75-893d-fd8bce46dcb8] INFO  o.eclipse.m2e.core.internal.Bundles - getClasspathEntries(Bundle=jakarta.inject.jakarta.inject-api_1.0.5 [22])
2025-12-17 17:32:45,887 [Worker-39: Launching mavenrun-ee03dffb-4ef7-4b75-893d-fd8bce46dcb8] INFO  o.eclipse.m2e.core.internal.Bundles - 	Entry: C:\Users\cosas\.p2\pool\plugins\jakarta.inject.jakarta.inject-api_1.0.5.jar
2025-12-17 17:32:45,887 [Worker-39: Launching mavenrun-ee03dffb-4ef7-4b75-893d-fd8bce46dcb8] INFO  o.eclipse.m2e.core.internal.Bundles - getClasspathEntries(Bundle=jakarta.annotation-api_1.3.5 [20])
2025-12-17 17:32:45,887 [Worker-39: Launching mavenrun-ee03dffb-4ef7-4b75-893d-fd8bce46dcb8] INFO  o.eclipse.m2e.core.internal.Bundles - 	Entry: C:\Users\cosas\.p2\pool\plugins\jakarta.annotation-api_1.3.5.jar
2025-12-17 17:32:45,887 [Worker-39: Launching mavenrun-ee03dffb-4ef7-4b75-893d-fd8bce46dcb8] INFO  o.eclipse.m2e.core.internal.Bundles - getClasspathEntries(Bundle=org.apache.commons.cli_1.9.0 [47])
2025-12-17 17:32:45,887 [Worker-39: Launching mavenrun-ee03dffb-4ef7-4b75-893d-fd8bce46dcb8] INFO  o.eclipse.m2e.core.internal.Bundles - 	Entry: C:\Users\cosas\.p2\pool\plugins\org.apache.commons.cli_1.9.0.jar
2025-12-17 17:32:45,887 [Worker-39: Launching mavenrun-ee03dffb-4ef7-4b75-893d-fd8bce46dcb8] INFO  o.eclipse.m2e.core.internal.Bundles - getClasspathEntries(Bundle=org.apache.commons.commons-codec_1.16.0 [50])
2025-12-17 17:32:45,888 [Worker-39: Launching mavenrun-ee03dffb-4ef7-4b75-893d-fd8bce46dcb8] INFO  o.eclipse.m2e.core.internal.Bundles - 	Entry: C:\Users\cosas\.p2\pool\plugins\org.apache.commons.commons-codec_1.16.0.jar
2025-12-17 17:32:45,888 [Worker-39: Launching mavenrun-ee03dffb-4ef7-4b75-893d-fd8bce46dcb8] INFO  o.eclipse.m2e.core.internal.Bundles - getClasspathEntries(Bundle=com.google.guava.failureaccess_1.0.2 [11])
2025-12-17 17:32:45,888 [Worker-39: Launching mavenrun-ee03dffb-4ef7-4b75-893d-fd8bce46dcb8] INFO  o.eclipse.m2e.core.internal.Bundles - 	Entry: C:\Users\cosas\.p2\pool\plugins\com.google.guava.failureaccess_1.0.2.jar
2025-12-17 17:32:45,891 [Worker-39: Launching mavenrun-ee03dffb-4ef7-4b75-893d-fd8bce46dcb8] INFO  o.e.m.i.launch.MavenLaunchDelegate - Run build in "C:\Users\cosas\AppData\Local\Temp\m2e-archetypeGenerator6131948372824455461":
2025-12-17 17:32:45,895 [Worker-39: Launching mavenrun-ee03dffb-4ef7-4b75-893d-fd8bce46dcb8] INFO  o.e.m.i.launch.MavenLaunchDelegate -  mvn  -DarchetypeGroupId=org.apache.maven.archetypes -DarchetypeArtifactId=maven-archetype-simple -DarchetypeVersion=1.5 -DgroupId=cuatrovientos.dam.psp.sincronizacion -DartifactId=taquillas -Dversion=0.0.1-SNAPSHOT -Dpackage=cuatrovientos.dam.psp.sincronizacion.taquillas -DoutputDirectory=C:\Users\cosas\Documents\DAM2\PSP\TaquillaCine -Dstyle.color=always -U archetype:generate
2025-12-17 17:33:00,078 [Worker-8: Creating maven-archetype-simple] INFO  o.e.m.c.i.p.ProjectConfigurationManager - Collecting project info '/pom.xml' C:\Users\cosas\Documents\DAM2\PSP\TaquillaCine\taquillas\pom.xml
2025-12-17 17:33:00,685 [Worker-8: Creating maven-archetype-simple] INFO  o.e.m.c.i.l.LifecycleMappingFactory - Using org.eclipse.m2e.jdt.JarLifecycleMapping lifecycle mapping for MavenProject: cuatrovientos.dam.psp.sincronizacion:taquillas:0.0.1-SNAPSHOT @ C:\Users\cosas\Documents\DAM2\PSP\TaquillaCine\taquillas\pom.xml.
2025-12-17 17:33:01,181 [Worker-8: Creating maven-archetype-simple] INFO  o.e.m.j.i.AbstractJavaProjectConfigurator - Adding source folder /taquillas/src/main/java
2025-12-17 17:33:01,183 [Worker-8: Creating maven-archetype-simple] INFO  o.e.m.j.i.AbstractJavaProjectConfigurator - Adding resource folder /taquillas/src/main/resources
2025-12-17 17:33:01,186 [Worker-8: Creating maven-archetype-simple] INFO  o.e.m.j.i.AbstractJavaProjectConfigurator - Adding source folder /taquillas/src/test/java
2025-12-17 17:33:01,187 [Worker-8: Creating maven-archetype-simple] INFO  o.e.m.j.i.AbstractJavaProjectConfigurator - Adding resource folder /taquillas/src/test/resources
2025-12-17 17:33:01,266 [Worker-8: Creating maven-archetype-simple] INFO  o.e.m.c.i.p.ProjectConfigurationManager - Imported and configured 1 project(s) in 1 sec
2025-12-17 17:33:02,491 [Worker-41: Building] INFO  o.a.m.s.f.DefaultMavenResourcesFiltering - skip non existing resourceDirectory C:\Users\cosas\Documents\DAM2\PSP\TaquillaCine\taquillas\src\main\resources
2025-12-17 17:33:02,504 [Worker-41: Building] INFO  o.a.m.s.f.DefaultMavenResourcesFiltering - skip non existing resourceDirectory C:\Users\cosas\Documents\DAM2\PSP\TaquillaCine\taquillas\src\test\resources
2025-12-17 17:33:12,924 [Worker-39: Building] INFO  o.a.m.s.f.DefaultMavenResourcesFiltering - skip non existing resourceDirectory C:\Users\cosas\Documents\DAM2\PSP\TaquillaCine\taquillas\src\main\resources
2025-12-17 17:33:12,927 [Worker-39: Building] INFO  o.a.m.s.f.DefaultMavenResourcesFiltering - skip non existing resourceDirectory C:\Users\cosas\Documents\DAM2\PSP\TaquillaCine\taquillas\src\test\resources
2025-12-17 17:42:08,462 [Worker-39: Building] INFO  o.a.m.s.f.DefaultMavenResourcesFiltering - skip non existing resourceDirectory C:\Users\cosas\Documents\DAM2\PSP\TaquillaCine\taquillas\src\main\resources
2025-12-17 17:42:08,466 [Worker-39: Building] INFO  o.a.m.s.f.DefaultMavenResourcesFiltering - skip non existing resourceDirectory C:\Users\cosas\Documents\DAM2\PSP\TaquillaCine\taquillas\src\test\resources
2025-12-17 17:42:40,098 [Worker-39: Building] INFO  o.a.m.s.f.DefaultMavenResourcesFiltering - skip non existing resourceDirectory C:\Users\cosas\Documents\DAM2\PSP\TaquillaCine\taquillas\src\main\resources
2025-12-17 17:42:40,102 [Worker-39: Building] INFO  o.a.m.s.f.DefaultMavenResourcesFiltering - skip non existing resourceDirectory C:\Users\cosas\Documents\DAM2\PSP\TaquillaCine\taquillas\src\test\resources
2025-12-17 17:42:47,133 [Worker-0: Building] INFO  o.a.m.s.f.DefaultMavenResourcesFiltering - skip non existing resourceDirectory C:\Users\cosas\Documents\DAM2\PSP\TaquillaCine\taquillas\src\main\resources
2025-12-17 17:42:47,137 [Worker-0: Building] INFO  o.a.m.s.f.DefaultMavenResourcesFiltering - skip non existing resourceDirectory C:\Users\cosas\Documents\DAM2\PSP\TaquillaCine\taquillas\src\test\resources
2025-12-17 17:42:54,210 [Worker-39: Building] INFO  o.a.m.s.f.DefaultMavenResourcesFiltering - skip non existing resourceDirectory C:\Users\cosas\Documents\DAM2\PSP\TaquillaCine\taquillas\src\main\resources
2025-12-17 17:42:54,213 [Worker-39: Building] INFO  o.a.m.s.f.DefaultMavenResourcesFiltering - skip non existing resourceDirectory C:\Users\cosas\Documents\DAM2\PSP\TaquillaCine\taquillas\src\test\resources
2025-12-17 17:43:01,066 [Worker-43: Building] INFO  o.a.m.s.f.DefaultMavenResourcesFiltering - skip non existing resourceDirectory C:\Users\cosas\Documents\DAM2\PSP\TaquillaCine\taquillas\src\main\resources
2025-12-17 17:43:01,070 [Worker-43: Building] INFO  o.a.m.s.f.DefaultMavenResourcesFiltering - skip non existing resourceDirectory C:\Users\cosas\Documents\DAM2\PSP\TaquillaCine\taquillas\src\test\resources
2025-12-18 02:34:57,289 [Worker-5: Loading available Gradle versions] INFO  o.e.b.c.i.u.g.PublishedGradleVersions - Gradle version information cache is up-to-date. Trying to read.
2025-12-18 02:35:00,496 [Worker-4: Building] INFO  o.a.m.s.f.DefaultMavenResourcesFiltering - skip non existing resourceDirectory C:\Users\cosas\Documents\DAM2\PSP\TaquillaCine\taquillas\src\main\resources
2025-12-18 02:35:00,510 [Worker-4: Building] INFO  o.a.m.s.f.DefaultMavenResourcesFiltering - skip non existing resourceDirectory C:\Users\cosas\Documents\DAM2\PSP\TaquillaCine\taquillas\src\test\resources
2025-12-18 02:36:39,418 [Worker-8: Building] INFO  o.a.m.s.f.DefaultMavenResourcesFiltering - skip non existing resourceDirectory C:\Users\cosas\Documents\DAM2\PSP\TaquillaCine\taquillas\src\main\resources
2025-12-18 02:36:39,424 [Worker-8: Building] INFO  o.a.m.s.f.DefaultMavenResourcesFiltering - skip non existing resourceDirectory C:\Users\cosas\Documents\DAM2\PSP\TaquillaCine\taquillas\src\test\resources
2025-12-18 02:37:56,235 [Worker-36: Building] INFO  o.a.m.s.f.DefaultMavenResourcesFiltering - skip non existing resourceDirectory C:\Users\cosas\Documents\DAM2\PSP\TaquillaCine\taquillas\src\main\resources
2025-12-18 02:37:56,238 [Worker-36: Building] INFO  o.a.m.s.f.DefaultMavenResourcesFiltering - skip non existing resourceDirectory C:\Users\cosas\Documents\DAM2\PSP\TaquillaCine\taquillas\src\test\resources
2025-12-18 02:44:07,865 [Worker-17: Building] INFO  o.a.m.s.f.DefaultMavenResourcesFiltering - skip non existing resourceDirectory C:\Users\cosas\Documents\DAM2\PSP\TaquillaCine\taquillas\src\main\resources
